<?xml version="1.0" encoding="UTF-8"?>
<testng-results ignored="0" total="1" passed="1" failed="0" skipped="0">
  <reporter-output>
  </reporter-output>
  <suite started-at="2025-05-23T00:47:57 GMT-10:00" name="Surefire suite" finished-at="2025-05-23T00:47:58 GMT-10:00" duration-ms="87">
    <groups>
    </groups>
    <test started-at="2025-05-23T00:47:57 GMT-10:00" name="Surefire test" finished-at="2025-05-23T00:47:58 GMT-10:00" duration-ms="87">
      <class name="com.example.AppTest">
        <test-method signature="shouldAnswerWithTrue()" started-at="2025-05-23T00:47:58 GMT-10:00" name="shouldAnswerWithTrue" finished-at="2025-05-23T00:47:58 GMT-10:00" duration-ms="13" status="PASS">
          <reporter-output>
          </reporter-output>
        </test-method> <!-- shouldAnswerWithTrue -->
      </class> <!-- com.example.AppTest -->
    </test> <!-- Surefire test -->
  </suite> <!-- Surefire suite -->
</testng-results>
