<?xml version="1.0" encoding="UTF-8"?>
<testng-results ignored="0" total="1" passed="1" failed="0" skipped="0">
  <reporter-output>
  </reporter-output>
  <suite started-at="2025-05-23T00:47:50 GMT-10:00" name="Surefire suite" finished-at="2025-05-23T00:47:57 GMT-10:00" duration-ms="6937">
    <groups>
    </groups>
    <test started-at="2025-05-23T00:47:50 GMT-10:00" name="Surefire test" finished-at="2025-05-23T00:47:57 GMT-10:00" duration-ms="6937">
      <class name="com.MiniTest">
        <test-method signature="simpleTest()[pri:0, instance:com.MiniTest@78a2da20]" started-at="2025-05-23T00:47:50 GMT-10:00" name="simpleTest" finished-at="2025-05-23T00:47:57 GMT-10:00" duration-ms="6875" status="PASS">
          <reporter-output>
          </reporter-output>
        </test-method> <!-- simpleTest -->
      </class> <!-- com.MiniTest -->
    </test> <!-- Surefire test -->
  </suite> <!-- Surefire suite -->
</testng-results>
